2025-10-03 17:28:18,684 - root - ERROR - Bot startup error
Traceback (most recent call last):
  File "/workspace/start_bot.py", line 49, in run_bot_with_optimized_settings
    from trading_bot import TradingBot
ImportError: cannot import name 'TradingBot' from 'trading_bot' (/workspace/trading_bot.py)
2025-10-03 17:28:48,599 - root - ERROR - Bot startup error
Traceback (most recent call last):
  File "/workspace/start_bot.py", line 56, in run_bot_with_optimized_settings
    bot.api_manager.rate_limit_config.update(rate_limits)
    ^^^^^^^^^^^^^^^^^^^^^^^^^^^^^^^^^
AttributeError: 'NoneType' object has no attribute 'rate_limit_config'
2025-10-03 17:29:15,323 - root - ERROR - Bot startup error
Traceback (most recent call last):
  File "/workspace/start_bot.py", line 58, in run_bot_with_optimized_settings
    await bot.run()
          ^^^^^^^
AttributeError: 'TradingBotController' object has no attribute 'run'
2025-10-03 17:29:58,515 - BotCore - INFO - 🚀 Starting Trading Bot (cycle interval: 60 minutes)
2025-10-03 17:29:58,516 - BotCore - INFO - 🚀 Initializing Trading Bot...
2025-10-03 17:29:58,517 - BotCore - INFO - ✅ Database initialized at trading_bot.db
2025-10-03 17:30:01,081 - RLAgent - INFO - Đã tạo PPO model
2025-10-03 17:30:01,082 - BotCore - INFO - 🤖 RL Agent initialized successfully
2025-10-03 17:30:01,082 - BotCore - INFO - ✅ Trading Bot initialized successfully
2025-10-03 17:30:01,761 - Discord - INFO - Discord notification sent successfully
2025-10-03 17:30:02,769 - BotCore - INFO - 🎓 Checking AI model training status...
2025-10-03 17:30:02,769 - BotCore - INFO - 📊 Fetching historical data for initial training...
2025-10-03 17:30:02,775 - DataManager - INFO - Fetching XAUUSD (XAU_USD) H1 data from OANDA...
2025-10-03 17:30:03,509 - DataManager - INFO - Đã lấy 499 candles cho XAUUSD H1
2025-10-03 17:30:03,510 - BotCore - INFO - 📈 Fetched 499 historical records for XAUUSD
2025-10-03 17:30:03,510 - DataManager - INFO - Fetching EURUSD (EUR_USD) H1 data from OANDA...
2025-10-03 17:30:03,511 - BotCore - WARNING - Rate limit cho oanda, chờ 1.5s...
2025-10-03 17:30:03,511 - DataManager - WARNING - Không thể lấy dữ liệu cho EURUSD (EUR_USD) H1
2025-10-03 17:30:03,511 - DataManager - WARNING - OANDA variants cho EURUSD thất bại, thử alternative APIs...
2025-10-03 17:30:03,511 - DataManager - INFO - 🔍 Fetching EURUSD via alternative data sources...
2025-10-03 17:30:03,511 - DataManager - INFO - Fetching EURUSD từ Yahoo Finance (simulation)...
2025-10-03 17:30:03,520 - DataManager - INFO - ✅ Mock data created cho EURUSD: 100 candles
2025-10-03 17:30:03,520 - BotCore - INFO - 📈 Fetched 100 historical records for EURUSD
2025-10-03 17:30:03,523 - BotCore - INFO - 🤖 Training ensemble model...
2025-10-03 17:30:03,534 - MasterAgent - INFO - 🎓 Training AI models cho XAUUSD với 499 data points...
2025-10-03 20:49:52,720 - BotCore - INFO - 🚀 Starting Trading Bot (cycle interval: 60 minutes)
2025-10-03 20:49:52,723 - BotCore - INFO - 🚀 Initializing Trading Bot...
2025-10-03 20:49:52,725 - BotCore - INFO - ✅ Database initialized at trading_bot.db
2025-10-03 20:49:54,798 - RLAgent - INFO - Đã tạo PPO model
2025-10-03 20:49:54,798 - BotCore - INFO - 🤖 RL Agent initialized successfully
2025-10-03 20:49:54,798 - BotCore - INFO - ✅ Trading Bot initialized successfully
2025-10-03 20:49:55,509 - Discord - INFO - Discord notification sent successfully
2025-10-03 20:49:56,511 - BotCore - INFO - 🎓 Checking AI model training status...
2025-10-03 20:49:56,512 - BotCore - INFO - 📊 Fetching historical data for initial training...
2025-10-03 20:49:56,512 - DataManager - INFO - Fetching XAUUSD (XAU_USD) H1 data from OANDA...
2025-10-03 20:49:57,088 - DataManager - INFO - Đã lấy 499 candles cho XAUUSD H1
2025-10-03 20:49:57,088 - BotCore - INFO - 📈 Fetched 499 historical records for XAUUSD
2025-10-03 20:49:57,088 - DataManager - INFO - Fetching EURUSD (EUR_USD) H1 data from OANDA...
2025-10-03 20:49:57,089 - BotCore - WARNING - Rate limit cho oanda, chờ 1.6s...
2025-10-03 20:49:57,089 - DataManager - WARNING - Không thể lấy dữ liệu cho EURUSD (EUR_USD) H1
2025-10-03 20:49:57,089 - DataManager - WARNING - OANDA variants cho EURUSD thất bại, thử alternative APIs...
2025-10-03 20:49:57,089 - DataManager - INFO - 🔍 Fetching EURUSD via alternative data sources...
2025-10-03 20:49:57,089 - DataManager - INFO - Fetching EURUSD từ Yahoo Finance (simulation)...
2025-10-03 20:49:57,096 - DataManager - INFO - ✅ Mock data created cho EURUSD: 100 candles
2025-10-03 20:49:57,104 - BotCore - INFO - 📈 Fetched 100 historical records for EURUSD
2025-10-03 20:49:57,105 - BotCore - INFO - 🤖 Training ensemble model...
2025-10-03 20:49:57,124 - MasterAgent - INFO - 🎓 Training AI models cho XAUUSD với 499 data points...
2025-10-03 20:49:57,131 - MasterAgent - INFO - 🎯 Starting Ensemble model training...
2025-10-03 20:49:57,136 - EnsembleModel - INFO - EnsembleModel storing feature names: ['open', 'high', 'low', 'volume']
2025-10-03 20:49:57,136 - EnsembleModel - INFO - Training ensemble with 498 samples, 4 features
2025-10-03 20:49:57,136 - EnsembleModel - INFO - Using default parameters for xgboost
2025-10-03 20:49:57,136 - EnsembleModel - INFO - Using default parameters for lightgbm
2025-10-03 20:49:57,136 - EnsembleModel - INFO - Using default parameters for random_forest
2025-10-03 20:49:57,136 - EnsembleModel - INFO - Training xgboost model...
2025-10-03 20:49:57,793 - EnsembleModel - INFO - ✅ xgboost model trained successfully
2025-10-03 20:49:59,869 - EnsembleModel - INFO - Sử dụng calibrated model cho xgboost
2025-10-03 20:49:59,978 - EnsembleModel - INFO - Hoàn thành training xgboost
2025-10-03 20:49:59,979 - EnsembleModel - INFO - Training lightgbm model...
2025-10-03 20:50:00,532 - EnsembleModel - INFO - ✅ lightgbm model trained successfully
2025-10-03 20:50:01,289 - EnsembleModel - INFO - Sử dụng calibrated model cho lightgbm
2025-10-03 20:50:01,374 - EnsembleModel - INFO - Hoàn thành training lightgbm
2025-10-03 20:50:01,374 - EnsembleModel - INFO - Training random_forest model...
2025-10-03 20:50:01,706 - EnsembleModel - INFO - ✅ random_forest model trained successfully
2025-10-03 20:50:02,771 - EnsembleModel - INFO - Sử dụng calibrated model cho random_forest
2025-10-03 20:50:02,928 - EnsembleModel - INFO - Hoàn thành training random_forest
2025-10-03 20:50:02,937 - EnsembleModel - INFO - Hoàn thành ensemble training
2025-10-03 20:50:06,238 - EnsembleModel - INFO - Ensemble CV scores - Accuracy: 0.548, F1: 0.506
2025-10-03 20:50:06,239 - MasterAgent - INFO - ✅ Ensemble training completed - Accuracy: 0.548
2025-10-03 20:50:06,239 - MasterAgent - INFO - 🧠 Starting LSTM model training...
2025-10-03 20:50:06,239 - EnsembleModel - INFO - LSTM training with 498 samples, 4 features
2025-10-03 20:50:06,239 - EnsembleModel - INFO - LSTM storing feature names: ['open', 'high', 'low', 'volume']
2025-10-03 20:50:06,239 - EnsembleModel - INFO - LSTM feature dimension set to 4
2025-10-03 20:50:06,857 - EnsembleModel - INFO - Đã xây dựng kiến trúc LSTM với Attention
2025-10-03 20:50:06,864 - EnsembleModel - INFO - Training data shapes: X_seq=(448, 50, 4), y_seq=(448, 1)
2025-10-03 20:50:06,865 - EnsembleModel - INFO - Split data: train=358, val=90
2025-10-03 20:50:06,865 - EnsembleModel - INFO - Starting LSTM model training...
